ERROR 2024-02-26 17:21:49,275 views 2888 18988 error to creating  user
ERROR 2024-02-26 17:23:17,267 views 13680 19476 error to creating  user
ERROR 2024-02-26 17:23:55,623 views 5972 1884 error to creating  user
INFO 2024-02-26 17:24:25,283 views 11044 10028 user created successfully...
INFO 2024-02-26 17:26:24,679 views 11044 10028 Data Fetch successfully...
INFO 2024-02-26 17:29:21,804 views 11044 10028 Data Fetch successfully...
ERROR 2024-02-26 17:29:32,422 views 11044 10028 Error to cerate record
ERROR 2024-02-26 17:30:25,880 views 12724 9268 Error to cerate record
INFO 2024-02-26 17:33:05,520 views 18932 18288 Product Created Successfull 
INFO 2024-02-26 17:41:21,378 views 2008 4036 Data retrived successfully
INFO 2024-02-26 17:41:47,205 views 2008 4036 Data Updated Successfully...
INFO 2024-02-26 17:42:09,409 views 2008 4036 Data Updated Successfully...
INFO 2024-02-26 17:42:27,952 views 2008 4036 data updated succefully..
INFO 2024-02-26 17:42:33,017 views 2008 4036 data updated succefully..
INFO 2024-02-26 17:43:12,670 views 2008 4036 Record is deleted successfully....
ERROR 2024-02-27 12:59:32,926 views 21396 16636 error to creating  user
ERROR 2024-02-27 12:59:47,117 views 21396 16636 error to creating  user
INFO 2024-02-27 13:00:02,069 views 21396 16636 user created successfully...
INFO 2024-02-27 13:03:00,230 views 21396 16636 Product Created Successfull 
INFO 2024-02-27 13:05:44,167 views 11640 19428 Product Created Successfull 
INFO 2024-02-27 14:16:38,531 views 9560 5376 Product Created Successfull 
ERROR 2024-02-27 14:56:07,755 views 12712 20380 error to creating  user
INFO 2024-02-27 14:56:35,887 views 12712 20380 Product Created Successfull 
ERROR 2024-02-27 14:56:35,887 views 12712 20380 Error to cerate record
INFO 2024-02-27 14:56:40,062 views 12712 20380 Product Created Successfull 
ERROR 2024-02-27 14:56:40,062 views 12712 20380 Error to cerate record
INFO 2024-02-27 14:56:41,191 views 12712 20380 Product Created Successfull 
ERROR 2024-02-27 14:56:41,191 views 12712 20380 Error to cerate record
INFO 2024-02-27 14:57:13,055 views 12712 20380 Product Created Successfull 
ERROR 2024-02-27 14:57:13,055 views 12712 20380 Error to cerate record
INFO 2024-02-27 14:57:28,041 views 12052 4092 Product Created Successfull 
ERROR 2024-02-27 14:57:28,042 views 12052 4092 Error to cerate record
INFO 2024-02-27 14:57:59,386 views 12052 4092 Data Fetch successfully...
INFO 2024-02-27 14:59:14,114 views 6068 2588 Product Created Successfull 
INFO 2024-02-27 15:07:04,404 views 492 18812 Product Created Successfull 
INFO 2024-02-27 15:11:24,193 views 4644 16588 Product Created Successfull 
INFO 2024-02-27 15:11:25,903 views 4644 16588 Product Created Successfull 
INFO 2024-02-27 15:12:35,266 views 2800 19696 Product Created Successfull 
INFO 2024-02-27 15:16:08,682 views 20204 684 Product Created Successfull 
INFO 2024-02-27 15:16:22,782 views 20204 684 Product Created Successfull 
INFO 2024-02-27 15:19:28,271 views 4380 13352 Product Created Successfull 
ERROR 2024-02-27 17:06:34,885 views 21120 13460 error to creating  user
ERROR 2024-02-27 17:06:46,194 views 21120 13460 error to creating  user
ERROR 2024-02-27 17:13:36,837 views 15128 5228 error to creating  user
ERROR 2024-02-27 17:13:48,467 views 15128 5228 error to creating  user
ERROR 2024-02-27 17:15:25,696 views 12004 1456 error to creating  user
ERROR 2024-02-27 17:17:02,745 views 19860 10236 error to creating  user
ERROR 2024-02-27 17:18:24,941 views 20200 14388 error to creating  user
ERROR 2024-02-27 17:19:13,628 views 10408 14640 error to creating  user
ERROR 2024-02-27 17:20:45,185 views 9820 18424 error to creating  user
ERROR 2024-02-27 17:21:06,677 views 15300 4060 error to creating  user
ERROR 2024-02-27 17:21:30,516 views 19980 17804 error to creating  user
